<?xml version="1.0" encoding="utf-8"?><testsuites><testsuite errors="0" failures="0" hostname="224392b838f5" name="pytest" skipped="0" tests="15" time="1.392" timestamp="2024-11-11T18:49:47.548441"><testcase classname="test.unit.calc_test.TestCalculate" name="test_add_method_fails_with_nan_parameter" time="0.005"></testcase><testcase classname="test.unit.calc_test.TestCalculate" name="test_add_method_returns_correct_result" time="0.001"></testcase><testcase classname="test.unit.calc_test.TestCalculate" name="test_divide_method_fails_with_division_by_zero" time="0.001"></testcase><testcase classname="test.unit.calc_test.TestCalculate" name="test_divide_method_fails_with_nan_parameter" time="0.001"></testcase><testcase classname="test.unit.calc_test.TestCalculate" name="test_divide_method_returns_correct_result" time="0.001"></testcase><testcase classname="test.unit.calc_test.TestCalculate" name="test_log10_positive_number" time="0.001"></testcase><testcase classname="test.unit.calc_test.TestCalculate" name="test_log10_raises_with_non_numeric_parameter" time="0.001"></testcase><testcase classname="test.unit.calc_test.TestCalculate" name="test_log10_raises_with_zero_or_negative" time="0.001"></testcase><testcase classname="test.unit.calc_test.TestCalculate" name="test_multiply_method_returns_correct_result" time="0.001"></testcase><testcase classname="test.unit.calc_test.TestCalculate" name="test_sqrt_positive_number" time="0.000"></testcase><testcase classname="test.unit.calc_test.TestCalculate" name="test_sqrt_raises_with_negative_number" time="0.001"></testcase><testcase classname="test.unit.calc_test.TestCalculate" name="test_sqrt_raises_with_non_numeric_parameter" time="0.001"></testcase><testcase classname="test.unit.calc_test.TestCalculate" name="test_sqrt_zero" time="0.001"></testcase><testcase classname="test.unit.util_test.TestUtil" name="test_convert_to_number_correct_param" time="0.001"></testcase><testcase classname="test.unit.util_test.TestUtil" name="test_convert_to_number_invalid_type" time="0.001"></testcase></testsuite></testsuites>